開始日時 Tue 09/05/2023 10:21:06.91 
[SC] ChangeServiceConfig SUCCESS
ERROR_LEVEL 0 
現在日時 Tue 09/05/2023 10:21:07.14 
[SC] ChangeServiceConfig SUCCESS
ERROR_LEVEL 0 
現在日時 Tue 09/05/2023 10:21:07.18 
[SC] ChangeServiceConfig SUCCESS
ERROR_LEVEL 0 
現在日時 Tue 09/05/2023 10:21:07.19 
[SC] ChangeServiceConfig SUCCESS
ERROR_LEVEL 0 
現在日時 Tue 09/05/2023 10:21:07.21 
[SC] ChangeServiceConfig SUCCESS
ERROR_LEVEL 0 
現在日時 Tue 09/05/2023 10:21:07.24 
[SC] ChangeServiceConfig SUCCESS
ERROR_LEVEL 0 
現在日時 Tue 09/05/2023 10:21:07.25 
[SC] ChangeServiceConfig SUCCESS
ERROR_LEVEL 0 
現在日時 Tue 09/05/2023 10:21:07.27 
[SC] ChangeServiceConfig SUCCESS
ERROR_LEVEL 0 
現在日時 Tue 09/05/2023 10:21:07.28 
[SC] ChangeServiceConfig SUCCESS
ERROR_LEVEL 0 
終了日時 Tue 09/05/2023 10:21:07.30 
ERROR_COUNT 0 
